mode: set
aviation-service/internal/mock/airport_repository_mock.go:154.79,155.28 1 0
aviation-service/internal/mock/airport_repository_mock.go:155.28,156.106 1 0
aviation-service/internal/mock/airport_repository_mock.go:158.2,168.33 5 0
aviation-service/internal/mock/airport_repository_mock.go:178.3,187.2 5 0
aviation-service/internal/mock/airport_repository_mock.go:190.111,191.28 1 0
aviation-service/internal/mock/airport_repository_mock.go:191.28,192.106 1 0
aviation-service/internal/mock/airport_repository_mock.go:194.2,206.44 5 0
aviation-service/internal/mock/airport_repository_mock.go:217.3,227.2 5 0
aviation-service/internal/mock/airport_repository_mock.go:230.95,231.35 1 0
aviation-service/internal/mock/airport_repository_mock.go:231.35,232.120 1 0
aviation-service/internal/mock/airport_repository_mock.go:234.2,242.36 5 0
aviation-service/internal/mock/airport_repository_mock.go:251.3,259.2 5 0
aviation-service/internal/mock/airport_repository_mock.go:262.162,263.45 1 0
aviation-service/internal/mock/airport_repository_mock.go:263.45,264.140 1 0
aviation-service/internal/mock/airport_repository_mock.go:266.2,282.81 5 0
aviation-service/internal/mock/airport_repository_mock.go:295.3,307.2 5 0
aviation-service/internal/mock/airport_repository_mock.go:310.96,311.29 1 0
aviation-service/internal/mock/airport_repository_mock.go:311.29,312.108 1 0
aviation-service/internal/mock/airport_repository_mock.go:314.2,324.34 5 0
aviation-service/internal/mock/airport_repository_mock.go:334.3,343.2 5 0
aviation-service/internal/mock/airport_repository_mock.go:346.109,347.28 1 0
aviation-service/internal/mock/airport_repository_mock.go:347.28,348.106 1 0
aviation-service/internal/mock/airport_repository_mock.go:350.2,360.38 5 0
aviation-service/internal/mock/airport_repository_mock.go:370.3,379.2 5 0
aviation-service/internal/mock/airport_repository_mock.go:382.101,383.34 1 0
aviation-service/internal/mock/airport_repository_mock.go:383.34,384.118 1 0
aviation-service/internal/mock/airport_repository_mock.go:386.2,396.45 5 0
aviation-service/internal/mock/airport_repository_mock.go:406.3,415.2 5 0
aviation-service/internal/mock/airport_repository_mock.go:418.113,419.32 1 0
aviation-service/internal/mock/airport_repository_mock.go:419.32,420.114 1 0
aviation-service/internal/mock/airport_repository_mock.go:422.2,432.42 5 0
aviation-service/internal/mock/airport_repository_mock.go:442.3,451.2 5 0
aviation-service/internal/mock/airport_service_mock.go:140.113,141.35 1 0
aviation-service/internal/mock/airport_service_mock.go:141.35,142.114 1 0
aviation-service/internal/mock/airport_service_mock.go:144.2,154.45 5 0
aviation-service/internal/mock/airport_service_mock.go:164.3,173.2 5 0
aviation-service/internal/mock/airport_service_mock.go:176.83,177.35 1 0
aviation-service/internal/mock/airport_service_mock.go:177.35,178.114 1 0
aviation-service/internal/mock/airport_service_mock.go:180.2,190.40 5 0
aviation-service/internal/mock/airport_service_mock.go:200.3,209.2 5 0
aviation-service/internal/mock/airport_service_mock.go:212.99,213.38 1 0
aviation-service/internal/mock/airport_service_mock.go:213.38,214.120 1 0
aviation-service/internal/mock/airport_service_mock.go:216.2,224.41 5 0
aviation-service/internal/mock/airport_service_mock.go:233.3,241.2 5 0
aviation-service/internal/mock/airport_service_mock.go:244.96,245.32 1 0
aviation-service/internal/mock/airport_service_mock.go:245.32,246.108 1 0
aviation-service/internal/mock/airport_service_mock.go:248.2,258.37 5 0
aviation-service/internal/mock/airport_service_mock.go:268.3,277.2 5 0
aviation-service/internal/mock/airport_service_mock.go:280.115,281.35 1 0
aviation-service/internal/mock/airport_service_mock.go:281.35,282.114 1 0
aviation-service/internal/mock/airport_service_mock.go:284.2,296.51 5 0
aviation-service/internal/mock/airport_service_mock.go:307.3,317.2 5 0
aviation-service/internal/mock/airport_service_mock.go:320.141,321.35 1 0
aviation-service/internal/mock/airport_service_mock.go:321.35,322.114 1 0
aviation-service/internal/mock/airport_service_mock.go:324.2,340.63 5 0
aviation-service/internal/mock/airport_service_mock.go:353.3,365.2 5 0
aviation-service/internal/mock/airport_service_mock.go:368.113,369.35 1 0
aviation-service/internal/mock/airport_service_mock.go:369.35,370.114 1 0
aviation-service/internal/mock/airport_service_mock.go:372.2,382.45 5 0
aviation-service/internal/mock/airport_service_mock.go:392.3,401.2 5 0
aviation-service/internal/mock/redis_mock.go:15.75,18.9 3 0
aviation-service/internal/mock/redis_mock.go:18.9,20.3 1 0
aviation-service/internal/mock/redis_mock.go:21.2,21.15 1 0
aviation-service/internal/mock/redis_mock.go:24.120,27.2 2 0
aviation-service/internal/mock/redis_mock.go:29.35,31.2 1 0
aviation-service/internal/mock/redis_mock.go:35.83,37.2 1 0
aviation-service/internal/mock/redis_mock.go:39.128,41.2 1 0
aviation-service/internal/mock/redis_mock.go:43.43,43.57 1 0
aviation-service/internal/mock/weather_service_mock.go:50.101,51.32 1 0
aviation-service/internal/mock/weather_service_mock.go:51.32,52.108 1 0
aviation-service/internal/mock/weather_service_mock.go:54.2,64.39 5 0
aviation-service/internal/mock/weather_service_mock.go:74.3,83.2 5 0
aviation-service/internal/dto/response_dto.go:16.68,22.2 1 1
aviation-service/internal/dto/response_dto.go:24.65,30.2 1 1
aviation-service/internal/repository/airport_repository.go:30.59,32.2 1 1
aviation-service/internal/repository/airport_repository.go:34.99,42.2 4 1
aviation-service/internal/repository/airport_repository.go:44.87,53.2 4 1
aviation-service/internal/repository/airport_repository.go:55.101,67.2 4 1
aviation-service/internal/repository/airport_repository.go:69.150,77.16 5 1
aviation-service/internal/repository/airport_repository.go:77.16,80.3 2 1
aviation-service/internal/repository/airport_repository.go:81.2,81.24 1 1
aviation-service/internal/repository/airport_repository.go:81.24,84.3 2 1
aviation-service/internal/repository/airport_repository.go:86.2,86.25 1 1
aviation-service/internal/repository/airport_repository.go:86.25,88.3 1 1
aviation-service/internal/repository/airport_repository.go:89.2,92.22 4 1
aviation-service/internal/repository/airport_repository.go:95.88,103.26 4 1
aviation-service/internal/repository/airport_repository.go:103.26,105.3 1 1
aviation-service/internal/repository/airport_repository.go:106.2,106.22 1 1
aviation-service/internal/repository/airport_repository.go:109.105,134.2 4 1
aviation-service/internal/repository/airport_repository.go:136.93,140.34 3 1
aviation-service/internal/repository/airport_repository.go:140.34,165.6 3 1
aviation-service/internal/repository/airport_repository.go:167.5,191.15 3 1
aviation-service/internal/repository/airport_repository.go:194.71,197.16 3 1
aviation-service/internal/repository/airport_repository.go:197.16,199.3 1 1
aviation-service/internal/repository/airport_repository.go:200.2,201.23 2 1
aviation-service/internal/repository/airport_repository.go:201.23,203.3 1 1
aviation-service/internal/repository/airport_repository.go:204.2,204.12 1 1
aviation-service/internal/handler/airport_handler.go:26.128,32.2 1 1
aviation-service/internal/handler/airport_handler.go:34.55,35.41 1 1
aviation-service/internal/handler/airport_handler.go:35.41,39.41 3 1
aviation-service/internal/handler/airport_handler.go:39.41,41.4 1 1
aviation-service/internal/handler/airport_handler.go:43.3,43.39 1 1
aviation-service/internal/handler/airport_handler.go:43.39,47.4 3 1
aviation-service/internal/handler/airport_handler.go:51.80,53.28 2 1
aviation-service/internal/handler/airport_handler.go:53.28,55.3 1 1
aviation-service/internal/handler/airport_handler.go:56.2,57.32 2 1
aviation-service/internal/handler/airport_handler.go:57.32,59.3 1 1
aviation-service/internal/handler/airport_handler.go:60.2,62.16 3 1
aviation-service/internal/handler/airport_handler.go:62.16,66.3 3 1
aviation-service/internal/handler/airport_handler.go:68.2,69.21 2 1
aviation-service/internal/handler/airport_handler.go:69.21,71.3 1 1
aviation-service/internal/handler/airport_handler.go:71.8,77.3 1 1
aviation-service/internal/handler/airport_handler.go:80.77,82.16 2 1
aviation-service/internal/handler/airport_handler.go:82.16,86.3 3 1
aviation-service/internal/handler/airport_handler.go:88.2,89.23 2 1
aviation-service/internal/handler/airport_handler.go:89.23,93.3 3 1
aviation-service/internal/handler/airport_handler.go:95.2,96.20 2 1
aviation-service/internal/handler/airport_handler.go:96.20,98.3 1 1
aviation-service/internal/handler/airport_handler.go:98.8,100.3 1 1
aviation-service/internal/handler/airport_handler.go:103.80,107.28 4 1
aviation-service/internal/handler/airport_handler.go:107.28,109.3 1 1
aviation-service/internal/handler/airport_handler.go:110.2,111.32 2 1
aviation-service/internal/handler/airport_handler.go:111.32,113.3 1 1
aviation-service/internal/handler/airport_handler.go:114.2,117.16 3 1
aviation-service/internal/handler/airport_handler.go:117.16,121.3 3 1
aviation-service/internal/handler/airport_handler.go:123.2,124.21 2 1
aviation-service/internal/handler/airport_handler.go:124.21,126.3 1 1
aviation-service/internal/handler/airport_handler.go:126.8,132.3 1 1
aviation-service/internal/handler/airport_handler.go:135.80,138.65 2 1
aviation-service/internal/handler/airport_handler.go:138.65,142.3 3 1
aviation-service/internal/handler/airport_handler.go:143.2,145.55 2 1
aviation-service/internal/handler/airport_handler.go:145.55,149.3 3 1
aviation-service/internal/handler/airport_handler.go:151.2,151.38 1 1
aviation-service/internal/handler/airport_handler.go:151.38,153.3 1 1
aviation-service/internal/handler/airport_handler.go:153.8,155.3 1 1
aviation-service/internal/handler/airport_handler.go:157.2,158.23 2 1
aviation-service/internal/handler/airport_handler.go:158.23,162.3 3 1
aviation-service/internal/handler/airport_handler.go:164.2,165.77 2 1
aviation-service/internal/handler/airport_handler.go:168.80,170.16 2 1
aviation-service/internal/handler/airport_handler.go:170.16,174.3 3 1
aviation-service/internal/handler/airport_handler.go:176.2,177.65 2 1
aviation-service/internal/handler/airport_handler.go:177.65,181.3 3 1
aviation-service/internal/handler/airport_handler.go:182.2,185.55 3 1
aviation-service/internal/handler/airport_handler.go:185.55,189.3 3 1
aviation-service/internal/handler/airport_handler.go:191.2,191.38 1 1
aviation-service/internal/handler/airport_handler.go:191.38,193.3 1 1
aviation-service/internal/handler/airport_handler.go:193.8,195.3 1 1
aviation-service/internal/handler/airport_handler.go:197.2,198.23 2 1
aviation-service/internal/handler/airport_handler.go:198.23,202.3 3 1
aviation-service/internal/handler/airport_handler.go:204.2,205.72 2 1
aviation-service/internal/handler/airport_handler.go:208.80,210.16 2 1
aviation-service/internal/handler/airport_handler.go:210.16,214.3 3 1
aviation-service/internal/handler/airport_handler.go:216.2,217.23 2 1
aviation-service/internal/handler/airport_handler.go:217.23,221.3 3 1
aviation-service/internal/handler/airport_handler.go:223.2,224.101 2 1
aviation-service/internal/handler/airport_weather_handler.go:23.112,28.2 1 1
aviation-service/internal/handler/airport_weather_handler.go:30.62,31.49 1 1
aviation-service/internal/handler/airport_weather_handler.go:31.49,33.3 1 1
aviation-service/internal/handler/airport_weather_handler.go:36.94,40.28 4 1
aviation-service/internal/handler/airport_weather_handler.go:40.28,42.3 1 1
aviation-service/internal/handler/airport_weather_handler.go:43.2,44.32 2 1
aviation-service/internal/handler/airport_weather_handler.go:44.32,46.3 1 1
aviation-service/internal/handler/airport_weather_handler.go:47.2,50.16 3 1
aviation-service/internal/handler/airport_weather_handler.go:50.16,54.3 3 1
aviation-service/internal/handler/airport_weather_handler.go:56.2,57.28 2 1
aviation-service/internal/handler/airport_weather_handler.go:57.28,59.3 1 1
aviation-service/internal/handler/airport_weather_handler.go:59.8,65.3 1 1
aviation-service/internal/handler/aviation_sync_handler.go:21.106,26.2 1 1
aviation-service/internal/handler/aviation_sync_handler.go:28.60,29.38 1 1
aviation-service/internal/handler/aviation_sync_handler.go:29.38,31.3 1 1
aviation-service/internal/handler/aviation_sync_handler.go:34.76,36.16 2 1
aviation-service/internal/handler/aviation_sync_handler.go:36.16,40.3 3 1
aviation-service/internal/handler/aviation_sync_handler.go:42.2,43.25 2 1
aviation-service/internal/handler/aviation_sync_handler.go:43.25,45.3 1 1
aviation-service/internal/handler/aviation_sync_handler.go:45.8,47.3 1 1
aviation-service/internal/handler/request_helper.go:11.76,13.16 2 1
aviation-service/internal/handler/request_helper.go:13.16,15.3 1 1
aviation-service/internal/handler/request_helper.go:16.2,19.16 4 1
aviation-service/internal/handler/request_helper.go:19.16,21.3 1 1
aviation-service/internal/handler/request_helper.go:24.77,26.2 1 1
aviation-service/internal/handler/weather_handler.go:18.100,23.2 1 1
aviation-service/internal/handler/weather_handler.go:25.55,26.41 1 1
aviation-service/internal/handler/weather_handler.go:26.41,28.3 1 1
aviation-service/internal/handler/weather_handler.go:31.77,35.16 3 1
aviation-service/internal/handler/weather_handler.go:35.16,39.3 3 1
aviation-service/internal/handler/weather_handler.go:41.2,42.20 2 1
aviation-service/internal/handler/weather_handler.go:42.20,44.3 1 1
aviation-service/internal/handler/weather_handler.go:44.8,46.3 1 1
aviation-service/internal/testutils/test_utils.go:19.104,22.32 2 0
aviation-service/internal/testutils/test_utils.go:22.32,24.3 1 0
aviation-service/internal/testutils/test_utils.go:26.2,27.63 2 0
aviation-service/internal/testutils/test_utils.go:27.63,29.3 1 0
aviation-service/internal/testutils/test_utils.go:31.2,31.26 1 0
aviation-service/internal/testutils/test_utils.go:31.26,36.49 4 0
aviation-service/internal/testutils/test_utils.go:36.49,38.4 1 0
aviation-service/internal/testutils/test_utils.go:41.2,41.64 1 0
aviation-service/internal/testutils/test_utils.go:41.64,43.3 1 0
aviation-service/internal/testutils/test_utils.go:45.2,45.58 1 0
aviation-service/internal/testutils/test_utils.go:45.58,47.3 1 0
aviation-service/internal/testutils/test_utils.go:48.2,48.12 1 0
aviation-service/internal/service/airport_service.go:42.175,50.2 1 1
aviation-service/internal/service/airport_service.go:52.103,54.16 2 1
aviation-service/internal/service/airport_service.go:54.16,57.3 2 1
aviation-service/internal/service/airport_service.go:58.2,58.22 1 1
aviation-service/internal/service/airport_service.go:61.88,63.16 2 1
aviation-service/internal/service/airport_service.go:63.16,66.3 2 1
aviation-service/internal/service/airport_service.go:67.2,67.21 1 1
aviation-service/internal/service/airport_service.go:70.137,75.21 5 1
aviation-service/internal/service/airport_service.go:75.21,77.3 1 1
aviation-service/internal/service/airport_service.go:78.2,82.16 4 1
aviation-service/internal/service/airport_service.go:82.16,85.3 2 1
aviation-service/internal/service/airport_service.go:87.2,87.23 1 1
aviation-service/internal/service/airport_service.go:87.23,88.95 1 1
aviation-service/internal/service/airport_service.go:88.95,90.4 1 1
aviation-service/internal/service/airport_service.go:91.3,91.23 1 1
aviation-service/internal/service/airport_service.go:93.2,96.16 3 1
aviation-service/internal/service/airport_service.go:96.16,99.3 2 1
aviation-service/internal/service/airport_service.go:101.2,102.24 2 1
aviation-service/internal/service/airport_service.go:102.24,104.3 1 1
aviation-service/internal/service/airport_service.go:106.2,108.16 3 1
aviation-service/internal/service/airport_service.go:108.16,111.3 2 1
aviation-service/internal/service/airport_service.go:112.2,114.94 2 1
aviation-service/internal/service/airport_service.go:114.94,116.3 1 1
aviation-service/internal/service/airport_service.go:117.2,117.22 1 1
aviation-service/internal/service/airport_service.go:120.105,122.16 2 1
aviation-service/internal/service/airport_service.go:122.16,125.3 2 1
aviation-service/internal/service/airport_service.go:126.2,126.21 1 1
aviation-service/internal/service/airport_service.go:129.105,131.16 2 1
aviation-service/internal/service/airport_service.go:131.16,134.3 2 1
aviation-service/internal/service/airport_service.go:135.2,135.21 1 1
aviation-service/internal/service/airport_service.go:138.75,140.16 2 1
aviation-service/internal/service/airport_service.go:140.16,143.3 2 1
aviation-service/internal/service/airport_service.go:144.2,144.12 1 1
aviation-service/internal/service/airport_service.go:147.91,152.16 5 1
aviation-service/internal/service/airport_service.go:152.16,155.3 2 1
aviation-service/internal/service/airport_service.go:156.2,160.20 4 1
aviation-service/internal/service/airport_service.go:160.20,163.3 2 1
aviation-service/internal/service/airport_service.go:164.2,164.23 1 1
aviation-service/internal/service/airport_weather_service.go:17.145,23.2 1 1
aviation-service/internal/service/airport_weather_service.go:25.151,27.16 2 1
aviation-service/internal/service/airport_weather_service.go:27.16,30.3 2 1
aviation-service/internal/service/airport_weather_service.go:32.2,33.32 2 1
aviation-service/internal/service/airport_weather_service.go:33.32,35.3 1 1
aviation-service/internal/service/airport_weather_service.go:36.2,41.34 5 1
aviation-service/internal/service/airport_weather_service.go:41.34,43.13 2 1
aviation-service/internal/service/airport_weather_service.go:43.13,45.40 2 1
aviation-service/internal/service/airport_weather_service.go:45.40,47.28 2 1
aviation-service/internal/service/airport_weather_service.go:47.28,49.27 2 1
aviation-service/internal/service/airport_weather_service.go:49.27,51.7 1 1
aviation-service/internal/service/airport_weather_service.go:51.12,53.7 1 1
aviation-service/internal/service/airport_weather_service.go:55.5,57.19 3 1
aviation-service/internal/service/airport_weather_service.go:62.2,62.12 1 1
aviation-service/internal/service/airport_weather_service.go:62.12,64.36 2 1
aviation-service/internal/service/airport_weather_service.go:64.36,66.4 1 1
aviation-service/internal/service/airport_weather_service.go:69.2,70.29 2 1
aviation-service/internal/service/aviation_sync_service.go:26.152,32.2 1 1
aviation-service/internal/service/aviation_sync_service.go:34.84,37.16 3 1
aviation-service/internal/service/aviation_sync_service.go:37.16,40.3 2 1
aviation-service/internal/service/aviation_sync_service.go:42.2,42.24 1 1
aviation-service/internal/service/aviation_sync_service.go:42.24,44.3 1 1
aviation-service/internal/service/aviation_sync_service.go:45.2,52.34 6 1
aviation-service/internal/service/aviation_sync_service.go:52.34,55.3 2 1
aviation-service/internal/service/aviation_sync_service.go:57.2,57.12 1 1
aviation-service/internal/service/aviation_sync_service.go:57.12,59.32 2 1
aviation-service/internal/service/aviation_sync_service.go:59.32,62.33 2 1
aviation-service/internal/service/aviation_sync_service.go:62.33,67.5 3 1
aviation-service/internal/service/aviation_sync_service.go:70.3,70.21 1 1
aviation-service/internal/service/aviation_sync_service.go:70.21,73.4 2 1
aviation-service/internal/service/aviation_sync_service.go:74.3,74.21 1 1
aviation-service/internal/service/aviation_sync_service.go:76.2,84.27 3 1
aviation-service/internal/service/aviation_sync_service.go:87.134,90.33 2 1
aviation-service/internal/service/aviation_sync_service.go:90.33,92.17 2 1
aviation-service/internal/service/aviation_sync_service.go:92.17,97.12 5 1
aviation-service/internal/service/aviation_sync_service.go:100.3,101.17 2 1
aviation-service/internal/service/aviation_sync_service.go:101.17,106.12 5 1
aviation-service/internal/service/aviation_sync_service.go:111.133,116.35 4 1
aviation-service/internal/service/aviation_sync_service.go:116.35,117.20 1 1
aviation-service/internal/service/aviation_sync_service.go:117.20,123.12 3 1
aviation-service/internal/service/aviation_sync_service.go:126.3,128.12 3 1
aviation-service/internal/service/aviation_sync_service.go:131.2,131.23 1 1
aviation-service/internal/service/aviation_sync_service.go:131.23,132.67 1 1
aviation-service/internal/service/aviation_sync_service.go:132.67,135.4 2 1
aviation-service/internal/service/aviation_sync_service.go:137.2,141.12 5 1
aviation-service/internal/service/weather_service.go:30.132,37.2 1 1
aviation-service/internal/service/weather_service.go:39.93,44.21 5 1
aviation-service/internal/service/weather_service.go:44.21,46.3 1 1
aviation-service/internal/service/weather_service.go:47.2,54.16 7 1
aviation-service/internal/service/weather_service.go:54.16,57.3 2 1
aviation-service/internal/service/weather_service.go:58.2,61.20 3 1
aviation-service/internal/service/weather_service.go:61.20,64.3 2 1
aviation-service/internal/service/weather_service.go:66.2,67.20 2 1
aviation-service/internal/service/weather_service.go:67.20,70.3 2 1
aviation-service/internal/service/weather_service.go:72.2,73.87 2 1
aviation-service/internal/service/weather_service.go:73.87,75.3 1 1
aviation-service/internal/service/weather_service.go:76.2,76.30 1 1
aviation-service/internal/service/weather_service.go:79.35,85.2 4 1
aviation-service/internal/utils/airport_utils.go:12.46,14.2 1 1
aviation-service/internal/utils/airport_utils.go:16.62,31.2 1 1
aviation-service/internal/utils/airport_utils.go:33.61,34.39 1 1
aviation-service/internal/utils/airport_utils.go:34.39,36.3 1 1
aviation-service/internal/utils/airport_utils.go:39.2,39.102 1 1
aviation-service/internal/utils/airport_utils.go:39.102,41.3 1 1
aviation-service/internal/utils/airport_utils.go:42.2,42.79 1 1
aviation-service/internal/utils/airport_utils.go:42.79,44.3 1 1
aviation-service/internal/utils/airport_utils.go:47.2,47.48 1 1
aviation-service/internal/utils/airport_utils.go:47.48,49.45 2 1
aviation-service/internal/utils/airport_utils.go:49.45,51.4 1 1
aviation-service/internal/utils/airport_utils.go:55.2,55.50 1 1
aviation-service/internal/utils/airport_utils.go:55.50,57.47 2 1
aviation-service/internal/utils/airport_utils.go:57.47,59.4 1 1
aviation-service/internal/utils/airport_utils.go:63.2,63.56 1 1
aviation-service/internal/utils/airport_utils.go:63.56,65.51 2 1
aviation-service/internal/utils/airport_utils.go:65.51,67.4 1 1
aviation-service/internal/utils/airport_utils.go:70.2,70.12 1 1
aviation-service/internal/utils/redis_utils.go:10.93,12.16 2 1
aviation-service/internal/utils/redis_utils.go:12.16,14.3 1 1
aviation-service/internal/utils/redis_utils.go:16.2,16.68 1 1
aviation-service/internal/utils/redis_utils.go:16.68,18.3 1 1
aviation-service/internal/utils/redis_utils.go:19.2,19.12 1 1
aviation-service/internal/utils/redis_utils.go:22.118,24.20 2 1
aviation-service/internal/utils/redis_utils.go:24.20,26.3 1 1
aviation-service/internal/utils/redis_utils.go:27.2,27.72 1 1
aviation-service/internal/utils/redis_utils.go:27.72,29.3 1 1
aviation-service/internal/utils/redis_utils.go:30.2,30.12 1 1
